[ 2018-09-17T11:33:37+08:00 ][ info ] [ BEHAVIOR ] Run Closure @app_init [ RunTime:0.000110s ]
[ info ] [ LOG ] INIT File
[ 2018-09-17T11:33:37+08:00 ][ info ] [ CACHE ] INIT File
[ 2018-09-17T11:33:37+08:00 ][ info ] [ BEHAVIOR ] Run Closure @app_init [ RunTime:0.002097s ]
[ 2018-09-17T11:34:20+08:00 ][ info ] [ BEHAVIOR ] Run Closure @app_init [ RunTime:0.000115s ]
[ info ] [ LOG ] INIT File
[ 2018-09-17T11:34:20+08:00 ][ info ] [ CACHE ] INIT File
[ 2018-09-17T11:34:20+08:00 ][ info ] [ BEHAVIOR ] Run Closure @app_init [ RunTime:0.004329s ]
[ 2018-09-17T11:34:59+08:00 ][ info ] [ BEHAVIOR ] Run Closure @app_init [ RunTime:0.000108s ]
[ info ] [ LOG ] INIT File
[ 2018-09-17T11:34:59+08:00 ][ info ] [ CACHE ] INIT File
[ 2018-09-17T11:34:59+08:00 ][ info ] [ BEHAVIOR ] Run Closure @app_init [ RunTime:0.004493s ]
[ 2018-09-17T11:34:59+08:00 ][ info ] [ DB ] INIT mysql
[ 2018-09-17T11:34:59+08:00 ][ sql ] [ DB ] CONNECT:[ UseTime:0.014528s ] mysql:host=127.0.0.1;dbname=party;charset=utf8
[ 2018-09-17T11:34:59+08:00 ][ sql ] [ SQL ] SHOW TABLE STATUS LIKE 'type' [ RunTime:0.001043s ]
[ 2018-09-17T11:34:59+08:00 ][ sql ] [ SQL ] SELECT * FROM `information_schema`.`columns` WHERE TABLE_SCHEMA = 'party' AND table_name = 'type' ORDER BY ORDINAL_POSITION [ RunTime:0.004790s ]
[ 2018-09-17T11:35:07+08:00 ][ info ] [ BEHAVIOR ] Run Closure @app_init [ RunTime:0.000109s ]
[ info ] [ LOG ] INIT File
[ 2018-09-17T11:35:07+08:00 ][ info ] [ CACHE ] INIT File
[ 2018-09-17T11:35:07+08:00 ][ info ] [ BEHAVIOR ] Run Closure @app_init [ RunTime:0.004251s ]
[ 2018-09-17T11:35:15+08:00 ][ info ] [ BEHAVIOR ] Run Closure @app_init [ RunTime:0.000107s ]
[ info ] [ LOG ] INIT File
[ 2018-09-17T11:35:15+08:00 ][ info ] [ CACHE ] INIT File
[ 2018-09-17T11:35:15+08:00 ][ info ] [ BEHAVIOR ] Run Closure @app_init [ RunTime:0.004504s ]
[ 2018-09-17T11:35:15+08:00 ][ info ] [ DB ] INIT mysql
[ 2018-09-17T11:35:15+08:00 ][ sql ] [ DB ] CONNECT:[ UseTime:0.014155s ] mysql:host=127.0.0.1;dbname=party;charset=utf8
[ 2018-09-17T11:35:15+08:00 ][ sql ] [ SQL ] SHOW TABLE STATUS LIKE 'classify' [ RunTime:0.000923s ]
[ 2018-09-17T11:35:15+08:00 ][ sql ] [ SQL ] SELECT * FROM `information_schema`.`columns` WHERE TABLE_SCHEMA = 'party' AND table_name = 'classify' ORDER BY ORDINAL_POSITION [ RunTime:0.004839s ]
[ 2018-09-17T11:35:30+08:00 ][ info ] [ BEHAVIOR ] Run Closure @app_init [ RunTime:0.000108s ]
[ info ] [ LOG ] INIT File
[ 2018-09-17T11:35:30+08:00 ][ info ] [ CACHE ] INIT File
[ 2018-09-17T11:35:30+08:00 ][ info ] [ BEHAVIOR ] Run Closure @app_init [ RunTime:0.004555s ]
[ 2018-09-17T11:35:30+08:00 ][ info ] [ DB ] INIT mysql
[ 2018-09-17T11:35:30+08:00 ][ sql ] [ DB ] CONNECT:[ UseTime:0.004328s ] mysql:host=127.0.0.1;dbname=party;charset=utf8
[ 2018-09-17T11:35:30+08:00 ][ sql ] [ SQL ] SHOW TABLE STATUS LIKE 'article' [ RunTime:0.000915s ]
[ 2018-09-17T11:35:30+08:00 ][ sql ] [ SQL ] SELECT * FROM `information_schema`.`columns` WHERE TABLE_SCHEMA = 'party' AND table_name = 'article' ORDER BY ORDINAL_POSITION [ RunTime:0.004861s ]
[ 2018-09-17T11:36:00+08:00 ][ info ] [ BEHAVIOR ] Run Closure @app_init [ RunTime:0.000111s ]
[ info ] [ LOG ] INIT File
[ 2018-09-17T11:36:00+08:00 ][ info ] [ CACHE ] INIT File
[ 2018-09-17T11:36:00+08:00 ][ info ] [ BEHAVIOR ] Run Closure @app_init [ RunTime:0.004661s ]
[ 2018-09-17T11:36:21+08:00 ][ info ] [ BEHAVIOR ] Run Closure @app_init [ RunTime:0.000107s ]
[ info ] [ LOG ] INIT File
[ 2018-09-17T11:36:21+08:00 ][ info ] [ CACHE ] INIT File
[ 2018-09-17T11:36:21+08:00 ][ info ] [ BEHAVIOR ] Run Closure @app_init [ RunTime:0.004591s ]
[ 2018-09-17T11:36:21+08:00 ][ info ] [ DB ] INIT mysql
[ 2018-09-17T11:36:21+08:00 ][ info ] [ LANG ] C:\Work\Code\PartyHome\application\admin\lang/zh-cn.php
[ 2018-09-17T11:36:21+08:00 ][ sql ] [ DB ] CONNECT:[ UseTime:0.014093s ] mysql:host=127.0.0.1;dbname=party;charset=utf8
[ 2018-09-17T11:36:21+08:00 ][ sql ] [ SQL ] SHOW COLUMNS FROM `auth_rule` [ RunTime:0.004466s ]
[ 2018-09-17T11:36:21+08:00 ][ sql ] [ SQL ] SELECT * FROM `auth_rule` WHERE  `name` = 'type' LIMIT 1 [ RunTime:0.000620s ]
[ 2018-09-17T11:36:21+08:00 ][ sql ] [ SQL ] INSERT INTO `auth_rule` (`pid` , `name` , `title` , `icon` , `remark` , `ismenu` , `status` , `createtime` , `updatetime`) VALUES (0 , 'type' , '类型' , 'fa fa-circle-o' , '' , 1 , 'normal' , 1537155381 , 1537155381) [ RunTime:0.002344s ]
[ 2018-09-17T11:36:21+08:00 ][ sql ] [ SQL ] SELECT `id` FROM `auth_rule` WHERE  `name` = 'type/index' LIMIT 1 [ RunTime:0.000489s ]
[ 2018-09-17T11:36:21+08:00 ][ sql ] [ SQL ] SELECT `id` FROM `auth_rule` WHERE  `name` = 'type/add' LIMIT 1 [ RunTime:0.000464s ]
[ 2018-09-17T11:36:21+08:00 ][ sql ] [ SQL ] SELECT `id` FROM `auth_rule` WHERE  `name` = 'type/edit' LIMIT 1 [ RunTime:0.000449s ]
[ 2018-09-17T11:36:21+08:00 ][ sql ] [ SQL ] SELECT `id` FROM `auth_rule` WHERE  `name` = 'type/del' LIMIT 1 [ RunTime:0.000479s ]
[ 2018-09-17T11:36:21+08:00 ][ sql ] [ SQL ] SELECT `id` FROM `auth_rule` WHERE  `name` = 'type/multi' LIMIT 1 [ RunTime:0.000456s ]
[ 2018-09-17T11:36:21+08:00 ][ sql ] [ SQL ] INSERT INTO `auth_rule` (`id` , `pid` , `name` , `icon` , `title` , `ismenu` , `status` , `createtime` , `updatetime`) VALUES (NULL , 85 , 'type/index' , 'fa fa-circle-o' , '查看' , 0 , 'normal' , 1537155381 , 1537155381) [ RunTime:0.000519s ]
[ 2018-09-17T11:36:21+08:00 ][ sql ] [ SQL ] INSERT INTO `auth_rule` (`id` , `pid` , `name` , `icon` , `title` , `ismenu` , `status` , `createtime` , `updatetime`) VALUES (NULL , 85 , 'type/add' , 'fa fa-circle-o' , '添加' , 0 , 'normal' , 1537155381 , 1537155381) [ RunTime:0.000269s ]
[ 2018-09-17T11:36:21+08:00 ][ sql ] [ SQL ] INSERT INTO `auth_rule` (`id` , `pid` , `name` , `icon` , `title` , `ismenu` , `status` , `createtime` , `updatetime`) VALUES (NULL , 85 , 'type/edit' , 'fa fa-circle-o' , '编辑' , 0 , 'normal' , 1537155381 , 1537155381) [ RunTime:0.000261s ]
[ 2018-09-17T11:36:21+08:00 ][ sql ] [ SQL ] INSERT INTO `auth_rule` (`id` , `pid` , `name` , `icon` , `title` , `ismenu` , `status` , `createtime` , `updatetime`) VALUES (NULL , 85 , 'type/del' , 'fa fa-circle-o' , '删除' , 0 , 'normal' , 1537155381 , 1537155381) [ RunTime:0.000244s ]
[ 2018-09-17T11:36:21+08:00 ][ sql ] [ SQL ] INSERT INTO `auth_rule` (`id` , `pid` , `name` , `icon` , `title` , `ismenu` , `status` , `createtime` , `updatetime`) VALUES (NULL , 85 , 'type/multi' , 'fa fa-circle-o' , '批量更新' , 0 , 'normal' , 1537155381 , 1537155381) [ RunTime:0.000208s ]
[ 2018-09-17T11:36:28+08:00 ][ info ] [ BEHAVIOR ] Run Closure @app_init [ RunTime:0.000124s ]
[ info ] [ LOG ] INIT File
[ 2018-09-17T11:36:28+08:00 ][ info ] [ CACHE ] INIT File
[ 2018-09-17T11:36:28+08:00 ][ info ] [ BEHAVIOR ] Run Closure @app_init [ RunTime:0.004490s ]
[ 2018-09-17T11:36:28+08:00 ][ info ] [ DB ] INIT mysql
[ 2018-09-17T11:36:28+08:00 ][ info ] [ LANG ] C:\Work\Code\PartyHome\application\admin\lang/zh-cn.php
[ 2018-09-17T11:36:28+08:00 ][ sql ] [ DB ] CONNECT:[ UseTime:0.013855s ] mysql:host=127.0.0.1;dbname=party;charset=utf8
[ 2018-09-17T11:36:28+08:00 ][ sql ] [ SQL ] SHOW COLUMNS FROM `auth_rule` [ RunTime:0.004540s ]
[ 2018-09-17T11:36:28+08:00 ][ sql ] [ SQL ] SELECT * FROM `auth_rule` WHERE  `name` = 'classify' LIMIT 1 [ RunTime:0.000635s ]
[ 2018-09-17T11:36:28+08:00 ][ sql ] [ SQL ] INSERT INTO `auth_rule` (`pid` , `name` , `title` , `icon` , `remark` , `ismenu` , `status` , `createtime` , `updatetime`) VALUES (0 , 'classify' , '分类' , 'fa fa-circle-o' , '' , 1 , 'normal' , 1537155388 , 1537155388) [ RunTime:0.002174s ]
[ 2018-09-17T11:36:28+08:00 ][ sql ] [ SQL ] SELECT `id` FROM `auth_rule` WHERE  `name` = 'classify/index' LIMIT 1 [ RunTime:0.000580s ]
[ 2018-09-17T11:36:28+08:00 ][ sql ] [ SQL ] SELECT `id` FROM `auth_rule` WHERE  `name` = 'classify/add' LIMIT 1 [ RunTime:0.000519s ]
[ 2018-09-17T11:36:28+08:00 ][ sql ] [ SQL ] SELECT `id` FROM `auth_rule` WHERE  `name` = 'classify/edit' LIMIT 1 [ RunTime:0.000503s ]
[ 2018-09-17T11:36:28+08:00 ][ sql ] [ SQL ] SELECT `id` FROM `auth_rule` WHERE  `name` = 'classify/del' LIMIT 1 [ RunTime:0.000507s ]
[ 2018-09-17T11:36:28+08:00 ][ sql ] [ SQL ] SELECT `id` FROM `auth_rule` WHERE  `name` = 'classify/multi' LIMIT 1 [ RunTime:0.000546s ]
[ 2018-09-17T11:36:28+08:00 ][ sql ] [ SQL ] INSERT INTO `auth_rule` (`id` , `pid` , `name` , `icon` , `title` , `ismenu` , `status` , `createtime` , `updatetime`) VALUES (NULL , 91 , 'classify/index' , 'fa fa-circle-o' , '查看' , 0 , 'normal' , 1537155388 , 1537155388) [ RunTime:0.000569s ]
[ 2018-09-17T11:36:28+08:00 ][ sql ] [ SQL ] INSERT INTO `auth_rule` (`id` , `pid` , `name` , `icon` , `title` , `ismenu` , `status` , `createtime` , `updatetime`) VALUES (NULL , 91 , 'classify/add' , 'fa fa-circle-o' , '添加' , 0 , 'normal' , 1537155388 , 1537155388) [ RunTime:0.000389s ]
[ 2018-09-17T11:36:28+08:00 ][ sql ] [ SQL ] INSERT INTO `auth_rule` (`id` , `pid` , `name` , `icon` , `title` , `ismenu` , `status` , `createtime` , `updatetime`) VALUES (NULL , 91 , 'classify/edit' , 'fa fa-circle-o' , '编辑' , 0 , 'normal' , 1537155388 , 1537155388) [ RunTime:0.000282s ]
[ 2018-09-17T11:36:28+08:00 ][ sql ] [ SQL ] INSERT INTO `auth_rule` (`id` , `pid` , `name` , `icon` , `title` , `ismenu` , `status` , `createtime` , `updatetime`) VALUES (NULL , 91 , 'classify/del' , 'fa fa-circle-o' , '删除' , 0 , 'normal' , 1537155388 , 1537155388) [ RunTime:0.000215s ]
[ 2018-09-17T11:36:28+08:00 ][ sql ] [ SQL ] INSERT INTO `auth_rule` (`id` , `pid` , `name` , `icon` , `title` , `ismenu` , `status` , `createtime` , `updatetime`) VALUES (NULL , 91 , 'classify/multi' , 'fa fa-circle-o' , '批量更新' , 0 , 'normal' , 1537155388 , 1537155388) [ RunTime:0.000193s ]
[ 2018-09-17T11:36:32+08:00 ][ info ] [ BEHAVIOR ] Run Closure @app_init [ RunTime:0.000106s ]
[ info ] [ LOG ] INIT File
[ 2018-09-17T11:36:32+08:00 ][ info ] [ CACHE ] INIT File
[ 2018-09-17T11:36:32+08:00 ][ info ] [ BEHAVIOR ] Run Closure @app_init [ RunTime:0.004532s ]
[ 2018-09-17T11:36:32+08:00 ][ info ] [ DB ] INIT mysql
[ 2018-09-17T11:36:32+08:00 ][ info ] [ LANG ] C:\Work\Code\PartyHome\application\admin\lang/zh-cn.php
[ 2018-09-17T11:36:32+08:00 ][ sql ] [ DB ] CONNECT:[ UseTime:0.004323s ] mysql:host=127.0.0.1;dbname=party;charset=utf8
[ 2018-09-17T11:36:32+08:00 ][ sql ] [ SQL ] SHOW COLUMNS FROM `auth_rule` [ RunTime:0.004672s ]
[ 2018-09-17T11:36:32+08:00 ][ sql ] [ SQL ] SELECT * FROM `auth_rule` WHERE  `name` = 'article' LIMIT 1 [ RunTime:0.000644s ]
[ 2018-09-17T11:36:32+08:00 ][ sql ] [ SQL ] INSERT INTO `auth_rule` (`pid` , `name` , `title` , `icon` , `remark` , `ismenu` , `status` , `createtime` , `updatetime`) VALUES (0 , 'article' , '文章' , 'fa fa-circle-o' , '' , 1 , 'normal' , 1537155392 , 1537155392) [ RunTime:0.002443s ]
[ 2018-09-17T11:36:32+08:00 ][ sql ] [ SQL ] SELECT `id` FROM `auth_rule` WHERE  `name` = 'article/index' LIMIT 1 [ RunTime:0.000546s ]
[ 2018-09-17T11:36:32+08:00 ][ sql ] [ SQL ] SELECT `id` FROM `auth_rule` WHERE  `name` = 'article/add' LIMIT 1 [ RunTime:0.000559s ]
[ 2018-09-17T11:36:32+08:00 ][ sql ] [ SQL ] SELECT `id` FROM `auth_rule` WHERE  `name` = 'article/edit' LIMIT 1 [ RunTime:0.000558s ]
[ 2018-09-17T11:36:32+08:00 ][ sql ] [ SQL ] SELECT `id` FROM `auth_rule` WHERE  `name` = 'article/del' LIMIT 1 [ RunTime:0.000506s ]
[ 2018-09-17T11:36:32+08:00 ][ sql ] [ SQL ] SELECT `id` FROM `auth_rule` WHERE  `name` = 'article/multi' LIMIT 1 [ RunTime:0.000460s ]
[ 2018-09-17T11:36:32+08:00 ][ sql ] [ SQL ] INSERT INTO `auth_rule` (`id` , `pid` , `name` , `icon` , `title` , `ismenu` , `status` , `createtime` , `updatetime`) VALUES (NULL , 97 , 'article/index' , 'fa fa-circle-o' , '查看' , 0 , 'normal' , 1537155392 , 1537155392) [ RunTime:0.000483s ]
[ 2018-09-17T11:36:32+08:00 ][ sql ] [ SQL ] INSERT INTO `auth_rule` (`id` , `pid` , `name` , `icon` , `title` , `ismenu` , `status` , `createtime` , `updatetime`) VALUES (NULL , 97 , 'article/add' , 'fa fa-circle-o' , '添加' , 0 , 'normal' , 1537155392 , 1537155392) [ RunTime:0.000235s ]
[ 2018-09-17T11:36:32+08:00 ][ sql ] [ SQL ] INSERT INTO `auth_rule` (`id` , `pid` , `name` , `icon` , `title` , `ismenu` , `status` , `createtime` , `updatetime`) VALUES (NULL , 97 , 'article/edit' , 'fa fa-circle-o' , '编辑' , 0 , 'normal' , 1537155392 , 1537155392) [ RunTime:0.000241s ]
[ 2018-09-17T11:36:32+08:00 ][ sql ] [ SQL ] INSERT INTO `auth_rule` (`id` , `pid` , `name` , `icon` , `title` , `ismenu` , `status` , `createtime` , `updatetime`) VALUES (NULL , 97 , 'article/del' , 'fa fa-circle-o' , '删除' , 0 , 'normal' , 1537155392 , 1537155392) [ RunTime:0.000281s ]
[ 2018-09-17T11:36:32+08:00 ][ sql ] [ SQL ] INSERT INTO `auth_rule` (`id` , `pid` , `name` , `icon` , `title` , `ismenu` , `status` , `createtime` , `updatetime`) VALUES (NULL , 97 , 'article/multi' , 'fa fa-circle-o' , '批量更新' , 0 , 'normal' , 1537155392 , 1537155392) [ RunTime:0.000226s ]
